2022-01-07T16:37:00-root [INFO] Starting program
2022-01-07T16:37:00-root [INFO] desktop.ini is not changed
2022-01-07T16:37:00-root [WARNING] Cannot obtain datetime info from file "Screenshot (2).png"
2022-01-07T16:37:00-root [INFO] Screenshot (2).png -> 00000000_000000_X_Orig_000.png
2022-01-07T16:37:00-root [WARNING] Cannot obtain datetime info from file "Screenshot (3).png"
2022-01-07T16:37:00-root [INFO] Screenshot (3).png -> 00000000_000000_X_Orig_001.png
2022-01-07T16:37:00-root [INFO] Exiting program
2022-01-07T16:39:26-root [INFO] Starting program
2022-01-07T16:39:26-root [WARNING] Cannot obtain datetime info from file "00000000_000000_X_Orig_000.png"
2022-01-07T16:39:26-root [INFO] 00000000_000000_X_Orig_000.png is not changed
2022-01-07T16:39:26-root [WARNING] Cannot obtain datetime info from file "00000000_000000_X_Orig_001.png"
2022-01-07T16:39:26-root [INFO] 00000000_000000_X_Orig_001.png is not changed
2022-01-07T16:39:26-root [INFO] desktop.ini is not changed
2022-01-07T16:40:12-root [INFO] Starting program
2022-01-07T16:40:12-root [WARNING] Cannot obtain datetime info from file "00000000_000000_X_Orig_000.png"
2022-01-07T16:40:12-root [INFO] 00000000_000000_X_Orig_000.png is not changed
2022-01-07T16:40:12-root [WARNING] Cannot obtain datetime info from file "00000000_000000_X_Orig_001.png"
2022-01-07T16:40:12-root [INFO] 00000000_000000_X_Orig_001.png is not changed
2022-01-07T16:40:12-root [INFO] desktop.ini is not changed
2022-01-07T16:40:12-root [INFO] Exiting program
2022-01-07T16:42:29-root [INFO] Starting program
2022-01-07T16:42:29-root [WARNING] Cannot obtain datetime info from file "00000000_000000_X_Orig_000.png"
2022-01-07T16:42:29-root [INFO] 00000000_000000_X_Orig_000.png is not changed
2022-01-07T16:42:29-root [WARNING] Cannot obtain datetime info from file "00000000_000000_X_Orig_001.png"
2022-01-07T16:42:29-root [INFO] 00000000_000000_X_Orig_001.png is not changed
2022-01-07T16:42:29-root [INFO] 20220107_163843_M_Orig_000.mp4 is not changed
2022-01-07T16:42:29-root [INFO] desktop.ini is not changed
2022-01-07T16:42:29-root [INFO] Exiting program
2022-01-07T16:44:32-root [INFO] Starting program
2022-01-07T16:44:32-root [WARNING] Cannot obtain datetime info from file "00000000_000000_X_Orig_000.png"
2022-01-07T16:44:32-root [INFO] 00000000_000000_X_Orig_000.png is not changed
2022-01-07T16:44:32-root [WARNING] Cannot obtain datetime info from file "00000000_000000_X_Orig_001.png"
2022-01-07T16:44:32-root [INFO] 00000000_000000_X_Orig_001.png is not changed
2022-01-07T16:44:33-root [INFO] 20220107_163843_M_Orig_000.mp4 is not changed
2022-01-07T16:44:33-root [INFO] desktop.ini is not changed
2022-01-07T18:27:28-root [INFO] Starting program
2022-01-07T18:27:28-root [WARNING] Cannot obtain datetime info from file "00000000_000000_X_Orig_000.png"
2022-01-07T18:27:28-root [INFO] 00000000_000000_X_Orig_000.png is not changed
2022-01-07T18:27:28-root [WARNING] Cannot obtain datetime info from file "00000000_000000_X_Orig_001.png"
2022-01-07T18:27:28-root [INFO] 00000000_000000_X_Orig_001.png is not changed
2022-01-07T18:27:29-root [INFO] 20220107_163843_M_Orig_000.mp4 is not changed
2022-01-07T18:27:29-root [INFO] desktop.ini is not changed
2022-01-07T18:30:58-root [INFO] Starting program
2022-01-07T18:30:58-root [WARNING] Cannot obtain datetime info from file "00000000_000000_X_Orig_000.png"
2022-01-07T18:30:58-root [INFO] 00000000_000000_X_Orig_000.png is not changed
2022-01-07T18:30:58-root [WARNING] Cannot obtain datetime info from file "00000000_000000_X_Orig_001.png"
2022-01-07T18:30:58-root [INFO] 00000000_000000_X_Orig_001.png is not changed
2022-01-07T18:30:58-root [INFO] 20220107_163843_M_Orig_000.mp4 is not changed
2022-01-07T18:30:58-root [INFO] desktop.ini is not changed
2022-01-07T18:30:58-root [INFO] yt1s.com - 全球机器人丧尸化世界各国都毁灭朝鲜却成唯一净土.mp4 -> 20220107_164408_M_Orig_000.mp4
2022-01-07T18:30:58-root [INFO] Exiting program
2022-01-07T18:31:32-root [INFO] Starting program
2022-01-07T18:31:32-root [WARNING] Cannot obtain datetime info from file "00000000_000000_X_Orig_000.png"
2022-01-07T18:31:32-root [INFO] 00000000_000000_X_Orig_000.png is not changed
2022-01-07T18:31:32-root [WARNING] Cannot obtain datetime info from file "00000000_000000_X_Orig_001.png"
2022-01-07T18:31:32-root [INFO] 00000000_000000_X_Orig_001.png is not changed
2022-01-07T18:31:32-root [INFO] 20220107_163843_M_Orig_000.mp4 is not changed
2022-01-07T18:31:32-root [INFO] 20220107_164408_M_Orig_000.mp4 is not changed
2022-01-07T18:31:32-root [INFO] desktop.ini is not changed
2022-01-07T18:31:32-root [INFO] Exiting program
2022-01-07T18:33:26-root [INFO] Starting program
2022-01-07T18:33:26-root [WARNING] Cannot obtain datetime info from file "00000000_000000_X_Orig_000.png"
2022-01-07T18:33:26-root [INFO] 00000000_000000_X_Orig_000.png is not changed
2022-01-07T18:33:26-root [WARNING] Cannot obtain datetime info from file "00000000_000000_X_Orig_001.png"
2022-01-07T18:33:26-root [INFO] 00000000_000000_X_Orig_001.png is not changed
2022-01-07T18:36:07-root [INFO] Starting program
2022-01-07T18:36:07-root [WARNING] Cannot obtain datetime info from file "00000000_000000_X_Orig_000.png"
2022-01-07T18:36:07-root [INFO] 00000000_000000_X_Orig_000.png is not changed
2022-01-07T18:36:07-root [WARNING] Cannot obtain datetime info from file "00000000_000000_X_Orig_001.png"
2022-01-07T18:36:07-root [INFO] 00000000_000000_X_Orig_001.png is not changed
2022-01-07T18:38:19-root [INFO] Starting program
2022-01-07T18:38:19-root [WARNING] Cannot obtain datetime info from file "00000000_000000_X_Orig_000.png"
2022-01-07T18:38:19-root [INFO] 00000000_000000_X_Orig_000.png is not changed
2022-01-07T18:38:19-root [WARNING] Cannot obtain datetime info from file "00000000_000000_X_Orig_001.png"
2022-01-07T18:38:19-root [INFO] 00000000_000000_X_Orig_001.png is not changed
2022-01-07T18:38:19-root [INFO] 20220107_163843_M_Orig_000.mp4 is not changed
2022-01-07T18:38:19-root [INFO] 20220107_164408_M_Orig_000.mp4 is not changed
2022-01-07T18:38:19-root [INFO] desktop.ini is not changed
2022-01-07T18:38:19-root [INFO] Exiting program
2022-01-07T18:38:34-root [INFO] Starting program
2022-01-07T18:38:34-root [WARNING] Cannot obtain datetime info from file "00000000_000000_X_Orig_000.png"
2022-01-07T18:38:34-root [INFO] 00000000_000000_X_Orig_000.png is not changed
2022-01-07T18:38:34-root [WARNING] Cannot obtain datetime info from file "00000000_000000_X_Orig_001.png"
2022-01-07T18:38:34-root [INFO] 00000000_000000_X_Orig_001.png is not changed
2022-01-07T18:38:34-root [INFO] 20220107_163843_M_Orig_000.mp4 is not changed
2022-01-07T18:38:34-root [INFO] 20220107_164408_M_Orig_000.mp4 is not changed
2022-01-07T18:38:34-root [INFO] desktop.ini is not changed
2022-01-07T18:38:34-root [INFO] Exiting program
2022-01-07T18:38:47-root [INFO] Starting program
2022-01-07T18:38:47-root [WARNING] Cannot obtain datetime info from file "00000000_000000_X_Orig_000.png"
2022-01-07T18:38:47-root [INFO] 00000000_000000_X_Orig_000.png is not changed
2022-01-07T18:38:47-root [WARNING] Cannot obtain datetime info from file "00000000_000000_X_Orig_001.png"
2022-01-07T18:38:47-root [INFO] 00000000_000000_X_Orig_001.png is not changed
2022-01-07T18:38:47-root [INFO] 20220107_163843_M_Orig_000.mp4 is not changed
2022-01-07T18:38:47-root [INFO] 20220107_164408_M_Orig_000.mp4 is not changed
2022-01-07T18:38:47-root [INFO] desktop.ini is not changed
2022-01-07T18:38:47-root [INFO] Exiting program
2022-01-07T18:40:04-root [INFO] Starting program
2022-01-07T18:40:04-root [WARNING] Cannot obtain datetime info from file "00000000_000000_X_Orig_000.png"
2022-01-07T18:40:04-root [INFO] 00000000_000000_X_Orig_000.png is not changed
2022-01-07T18:40:04-root [WARNING] Cannot obtain datetime info from file "00000000_000000_X_Orig_001.png"
2022-01-07T18:40:04-root [INFO] 00000000_000000_X_Orig_001.png is not changed
2022-01-07T18:45:34-root [INFO] Starting program
2022-01-07T18:45:34-root [WARNING] Cannot obtain datetime info from file "00000000_000000_X_Orig_000.png"
2022-01-07T18:45:34-root [INFO] 00000000_000000_X_Orig_000.png is not changed
2022-01-07T18:45:34-root [WARNING] Cannot obtain datetime info from file "00000000_000000_X_Orig_001.png"
2022-01-07T18:45:34-root [INFO] 00000000_000000_X_Orig_001.png is not changed
2022-01-07T18:45:55-root [INFO] Starting program
2022-01-07T18:45:55-root [WARNING] Cannot obtain datetime info from file "00000000_000000_X_Orig_000.png"
2022-01-07T18:45:55-root [INFO] 00000000_000000_X_Orig_000.png is not changed
2022-01-07T18:45:55-root [WARNING] Cannot obtain datetime info from file "00000000_000000_X_Orig_001.png"
2022-01-07T18:45:55-root [INFO] 00000000_000000_X_Orig_001.png is not changed
2022-01-07T18:46:04-root [INFO] Starting program
2022-01-07T18:46:04-root [WARNING] Cannot obtain datetime info from file "00000000_000000_X_Orig_000.png"
2022-01-07T18:46:04-root [INFO] 00000000_000000_X_Orig_000.png is not changed
2022-01-07T18:46:04-root [WARNING] Cannot obtain datetime info from file "00000000_000000_X_Orig_001.png"
2022-01-07T18:46:04-root [INFO] 00000000_000000_X_Orig_001.png is not changed
2022-01-07T18:46:05-root [INFO] 20220107_163843_M_Orig_000.mp4 is not changed
2022-01-07T18:46:05-root [INFO] 20220107_164408_M_Orig_000.mp4 is not changed
2022-01-07T18:46:05-root [INFO] desktop.ini is not changed
2022-01-07T18:46:05-root [INFO] Exiting program
